<?xml version="1.0" encoding="UTF-8"?>
<testng-results skipped="0" failed="0" ignored="0" total="1" passed="1">
  <reporter-output>
  </reporter-output>
  <suite name="Default suite" duration-ms="22910" started-at="2022-02-12T09:36:19 IST" finished-at="2022-02-12T09:36:42 IST">
    <groups>
    </groups>
    <test name="Default test" duration-ms="22910" started-at="2022-02-12T09:36:19 IST" finished-at="2022-02-12T09:36:42 IST">
      <class name="homepage.HomePage">
        <test-method status="PASS" signature="printActualPriceDiscountedPriceDiscountAndProductWithHigherDiscount()[pri:0, instance:homepage.HomePage@401e7803]" name="printActualPriceDiscountedPriceDiscountAndProductWithHigherDiscount" duration-ms="22883" started-at="2022-02-12T09:36:19 IST" finished-at="2022-02-12T09:36:42 IST">
          <reporter-output>
          </reporter-output>
        </test-method> <!-- printActualPriceDiscountedPriceDiscountAndProductWithHigherDiscount -->
      </class> <!-- homepage.HomePage -->
    </test> <!-- Default test -->
  </suite> <!-- Default suite -->
</testng-results>
